#
# There is insufficient memory for the Java Runtime Environment to continue.
# Native memory allocation (mmap) failed to map 65536 bytes for Failed to commit metaspace.
# Possible reasons:
#   The system is out of physical RAM or swap space
#   The process is running with CompressedOops enabled, and the Java Heap may be blocking the growth of the native heap
# Possible solutions:
#   Reduce memory load on the system
#   Increase physical memory or swap space
#   Check if swap backing store is full
#   Decrease Java heap size (-Xmx/-Xms)
#   Decrease number of Java threads
#   Decrease Java thread stack sizes (-Xss)
#   Set larger code cache with -XX:ReservedCodeCacheSize=
#   JVM is running with Unscaled Compressed Oops mode in which the Java heap is
#     placed in the first 4GB address space. The Java Heap base address is the
#     maximum limit for the native heap growth. Please use -XX:HeapBaseMinAddress
#     to set the Java Heap base and to place the Java Heap above 4GB virtual address.
# This output file may be truncated or incomplete.
#
#  Out of Memory Error (virtualSpaceNode.cpp:112), pid=71824, tid=48016
#
# JRE version: Java(TM) SE Runtime Environment (21.0.1+12) (build 21.0.1+12-LTS-29)
# Java VM: Java HotSpot(TM) 64-Bit Server VM (21.0.1+12-LTS-29, mixed mode, tiered, compressed oops, compressed class ptrs, g1 gc, windows-amd64)
# No core dump will be written. Minidumps are not enabled by default on client versions of Windows
#

---------------  S U M M A R Y ------------

Command Line: -Dfile.encoding=UTF-8 -Dstdout.encoding=UTF-8 -Dstderr.encoding=UTF-8 --module-path=C:\Users\bruno\eclipse-workspace\truco\bin -XX:+ShowCodeDetailsInExceptionMessages -Djdk.module.main=truco truco/truco.main

Host: 11th Gen Intel(R) Core(TM) i5-1135G7 @ 2.40GHz, 8 cores, 7G,  Windows 11 , 64 bit Build 22621 (10.0.22621.3374)
Time: Tue Apr 23 14:47:50 2024 Hora oficial do Brasil elapsed time: 0.639346 seconds (0d 0h 0m 0s)

---------------  T H R E A D  ---------------

Current thread (0x000001e588475ec0):  JavaThread "main"             [_thread_in_vm, id=48016, stack(0x0000009524a00000,0x0000009524b00000) (1024K)]

Stack: [0x0000009524a00000,0x0000009524b00000]
Native frames: (J=compiled Java code, j=interpreted, Vv=VM code, C=native code)
V  [jvm.dll+0x6c9029]
V  [jvm.dll+0x854b81]
V  [jvm.dll+0x856e5e]
V  [jvm.dll+0x857543]
V  [jvm.dll+0x280c06]
V  [jvm.dll+0x8508ae]
V  [jvm.dll+0x66ca45]
V  [jvm.dll+0x66caaa]
V  [jvm.dll+0x66f2a6]
V  [jvm.dll+0x66f172]
V  [jvm.dll+0x66d41e]
V  [jvm.dll+0x26b2df]
V  [jvm.dll+0x677615]
V  [jvm.dll+0x217a53]
V  [jvm.dll+0x217f95]
V  [jvm.dll+0x2189b1]
V  [jvm.dll+0x20dc4e]
V  [jvm.dll+0x5ac6dc]
V  [jvm.dll+0x21f67a]
V  [jvm.dll+0x7ccde1]
V  [jvm.dll+0x7cde45]
V  [jvm.dll+0x7ce3ef]
V  [jvm.dll+0x7ce098]
V  [jvm.dll+0x26ebdb]
V  [jvm.dll+0x3d36fe]
C  0x000001e599f8afcb

The last pc belongs to new (printed below).
Java frames: (J=compiled Java code, j=interpreted, Vv=VM code)
j  java.util.ServiceLoader.newLookupIterator()Ljava/util/Iterator;+53 java.base@21.0.1
j  java.util.ServiceLoader.iterator()Ljava/util/Iterator;+9 java.base@21.0.1
j  sun.util.cldr.CLDRLocaleProviderAdapter.lambda$new$0()Lsun/util/locale/provider/LocaleDataMetaInfo;+5 java.base@21.0.1
j  sun.util.cldr.CLDRLocaleProviderAdapter$$Lambda+0x00000001000a0fe0.run()Ljava/lang/Object;+0 java.base@21.0.1
j  java.security.AccessController.executePrivileged(Ljava/security/PrivilegedExceptionAction;Ljava/security/AccessControlContext;Ljava/lang/Class;)Ljava/lang/Object;+29 java.base@21.0.1
j  java.security.AccessController.doPrivileged(Ljava/security/PrivilegedExceptionAction;)Ljava/lang/Object;+9 java.base@21.0.1
j  sun.util.cldr.CLDRLocaleProviderAdapter.<init>()V+9 java.base@21.0.1
j  java.lang.invoke.DirectMethodHandle$Holder.newInvokeSpecial(Ljava/lang/Object;)Ljava/lang/Object;+15 java.base@21.0.1
j  java.lang.invoke.Invokers$Holder.invokeExact_MT(Ljava/lang/Object;Ljava/lang/Object;)Ljava/lang/Object;+18 java.base@21.0.1
j  jdk.internal.reflect.DirectConstructorHandleAccessor.invokeImpl([Ljava/lang/Object;)Ljava/lang/Object;+40 java.base@21.0.1
j  jdk.internal.reflect.DirectConstructorHandleAccessor.newInstance([Ljava/lang/Object;)Ljava/lang/Object;+60 java.base@21.0.1
j  java.lang.reflect.Constructor.newInstanceWithCaller([Ljava/lang/Object;ZLjava/lang/Class;)Ljava/lang/Object;+41 java.base@21.0.1
j  java.lang.reflect.Constructor.newInstance([Ljava/lang/Object;)Ljava/lang/Object;+30 java.base@21.0.1
j  sun.util.locale.provider.LocaleProviderAdapter.forType(Lsun/util/locale/provider/LocaleProviderAdapter$Type;)Lsun/util/locale/provider/LocaleProviderAdapter;+75 java.base@21.0.1
j  sun.util.locale.provider.LocaleProviderAdapter.findAdapter(Ljava/lang/Class;Ljava/util/Locale;)Lsun/util/locale/provider/LocaleProviderAdapter;+29 java.base@21.0.1
j  sun.util.locale.provider.LocaleProviderAdapter.getAdapter(Ljava/lang/Class;Ljava/util/Locale;)Lsun/util/locale/provider/LocaleProviderAdapter;+55 java.base@21.0.1
j  java.text.NumberFormat.getInstance(Ljava/util/Locale;Ljava/text/NumberFormat$Style;I)Ljava/text/NumberFormat;+3 java.base@21.0.1
j  java.text.NumberFormat.getNumberInstance(Ljava/util/Locale;)Ljava/text/NumberFormat;+3 java.base@21.0.1
j  java.util.Scanner.useLocale(Ljava/util/Locale;)Ljava/util/Scanner;+31 java.base@21.0.1
j  java.util.Scanner.<init>(Ljava/lang/Readable;Ljava/util/regex/Pattern;)V+243 java.base@21.0.1
j  java.util.Scanner.<init>(Ljava/io/InputStream;)V+12 java.base@21.0.1
j  truco.main.main([Ljava/lang/String;)V+7 truco
v  ~StubRoutines::call_stub 0x000001e599f710e7
new  187 new  [0x000001e599f8ae40, 0x000001e599f8b040]  512 bytes
[MachCode]
  0x000001e599f8ae40: 4883 ec08 | c5fa 1104 | 24eb 1f48 | 83ec 10c5 | fb11 0424 | eb14 4883 | ec10 4889 | 0424 48c7 
  0x000001e599f8ae60: 4424 0800 | 0000 00eb | 0150 410f | b755 010f | cac1 ea10 | 488b 4de8 | 488b 4908 | 488b 4908 
  0x000001e599f8ae80: 488b 4108 | 807c 1004 | 070f 85ca | 0000 0066 | 8b54 d148 | 488b 4928 | 488b 4cd1 | 0851 80b9 
  0x000001e599f8aea0: 2001 0000 | 050f 85ad | 0000 008b | 5108 f6c2 | 010f 85a1 | 0000 0049 | 8b87 b801 | 0000 488d 
  0x000001e599f8aec0: 1c10 493b | 9fc8 0100 | 000f 8789 | 0000 0049 | 899f b801 | 0000 4883 | ea10 0f84 | 0f00 0000 
  0x000001e599f8aee0: 33c9 c1ea | 0348 894c | d008 48ff | ca75 f648 | c700 0100 | 0000 5933 | f689 700c | 48c1 e903 
  0x000001e599f8af00: 8948 0849 | baca 256c | 2cf8 7f00 | 0041 803a | 000f 843c | 0000 0050 | 488b c848 | 83ec 2040 
  0x000001e599f8af20: f6c4 0f0f | 8419 0000 | 0048 83ec | 0848 b870 | eb1c 2cf8 | 7f00 00ff | d048 83c4 | 08e9 0c00 
  0x000001e599f8af40: 0000 48b8 | 70eb 1c2c | f87f 0000 | ffd0 4883 | c420 58e9 | cb00 0000 | 5948 8b55 | e848 8b52 
  0x000001e599f8af60: 0848 8b52 | 0845 0fb7 | 4501 410f | c841 c1e8 | 10e8 0500 | 0000 e9a8 | 0000 0048 | 8d44 2408 
  0x000001e599f8af80: 4c89 6dc0 | 498b cfc5 | f877 4989 | afa8 0300 | 0049 8987 | 9803 0000 | 4883 ec20 | 40f6 c40f 
  0x000001e599f8afa0: 0f84 1900 | 0000 4883 | ec08 48b8 | b036 e72b | f87f 0000 | ffd0 4883 | c408 e90c | 0000 0048 
  0x000001e599f8afc0: b8b0 36e7 | 2bf8 7f00 | 00ff d048 | 83c4 2049 | c787 9803 | 0000 0000 | 0000 49c7 | 87a8 0300 
  0x000001e599f8afe0: 0000 0000 | 0049 c787 | a003 0000 | 0000 0000 | c5f8 7749 | 837f 0800 | 0f84 0500 | 0000 e9fd 
  0x000001e599f8b000: 5efe ff49 | 8b87 f003 | 0000 49c7 | 87f0 0300 | 0000 0000 | 004c 8b6d | c04c 8b75 | c84e 8d74 
  0x000001e599f8b020: f500 c341 | 0fb6 5d03 | 4983 c503 | 49ba 80df | 6e2c f87f | 0000 41ff | 24da 660f | 1f44 0000 
[/MachCode]

---------------  P R O C E S S  ---------------

Threads class SMR info:
_java_thread_list=0x000001e5ab379b30, length=11, elements={
0x000001e588475ec0, 0x000001e5ab06cc30, 0x000001e5ab050780, 0x000001e5ab05b360,
0x000001e5ab05bdc0, 0x000001e5ab051e00, 0x000001e5ab052990, 0x000001e5ab08f410,
0x000001e5ab053650, 0x000001e5ab23a8d0, 0x000001e5ab3c8750
}

Java Threads: ( => current thread )
=>0x000001e588475ec0 JavaThread "main"                              [_thread_in_vm, id=48016, stack(0x0000009524a00000,0x0000009524b00000) (1024K)]
  0x000001e5ab06cc30 JavaThread "Reference Handler"          daemon [_thread_blocked, id=109428, stack(0x0000009525200000,0x0000009525300000) (1024K)]
  0x000001e5ab050780 JavaThread "Finalizer"                  daemon [_thread_blocked, id=44440, stack(0x0000009525300000,0x0000009525400000) (1024K)]
  0x000001e5ab05b360 JavaThread "Signal Dispatcher"          daemon [_thread_blocked, id=112008, stack(0x0000009525400000,0x0000009525500000) (1024K)]
  0x000001e5ab05bdc0 JavaThread "Attach Listener"            daemon [_thread_blocked, id=110660, stack(0x0000009525500000,0x0000009525600000) (1024K)]
  0x000001e5ab051e00 JavaThread "Service Thread"             daemon [_thread_blocked, id=100780, stack(0x0000009525600000,0x0000009525700000) (1024K)]
  0x000001e5ab052990 JavaThread "Monitor Deflation Thread"   daemon [_thread_blocked, id=29520, stack(0x0000009525700000,0x0000009525800000) (1024K)]
  0x000001e5ab08f410 JavaThread "C2 CompilerThread0"         daemon [_thread_blocked, id=77660, stack(0x0000009525800000,0x0000009525900000) (1024K)]
  0x000001e5ab053650 JavaThread "C1 CompilerThread0"         daemon [_thread_blocked, id=83220, stack(0x0000009525900000,0x0000009525a00000) (1024K)]
  0x000001e5ab23a8d0 JavaThread "Common-Cleaner"             daemon [_thread_blocked, id=74164, stack(0x0000009525a00000,0x0000009525b00000) (1024K)]
  0x000001e5ab3c8750 JavaThread "Notification Thread"        daemon [_thread_blocked, id=87044, stack(0x0000009525b00000,0x0000009525c00000) (1024K)]
Total: 11

Other Threads:
  0x000001e5a6e52f80 VMThread "VM Thread"                           [id=94120, stack(0x0000009525100000,0x0000009525200000) (1024K)]
  0x000001e5a6e00380 WatcherThread "VM Periodic Task Thread"        [id=99916, stack(0x0000009525000000,0x0000009525100000) (1024K)]
  0x000001e58a638280 WorkerThread "GC Thread#0"                     [id=63800, stack(0x0000009524b00000,0x0000009524c00000) (1024K)]
  0x000001e58a6491f0 ConcurrentGCThread "G1 Main Marker"            [id=96472, stack(0x0000009524c00000,0x0000009524d00000) (1024K)]
  0x000001e58a649cf0 WorkerThread "G1 Conc#0"                       [id=85152, stack(0x0000009524d00000,0x0000009524e00000) (1024K)]
  0x000001e5a6cd30d0 ConcurrentGCThread "G1 Refine#0"               [id=101568, stack(0x0000009524e00000,0x0000009524f00000) (1024K)]
  0x000001e58a6abc70 ConcurrentGCThread "G1 Service"                [id=22400, stack(0x0000009524f00000,0x0000009525000000) (1024K)]
Total: 7

Threads with active compile tasks:
Total: 0

VM state: not at safepoint (normal execution)

VM Mutex/Monitor currently owned by a thread:  ([mutex/lock_event])
[0x00007ff82c6d8578] Metaspace_lock - owner thread: 0x000001e588475ec0

Heap address: 0x0000000084400000, size: 1980 MB, Compressed Oops mode: 32-bit

CDS archive(s) not mapped
Compressed class space mapped at: 0x0000000100000000-0x0000000140000000, reserved size: 1073741824
Narrow klass base: 0x0000000000000000, Narrow klass shift: 3, Narrow klass range: 0x140000000

GC Precious Log:
 CardTable entry size: 512
 Card Set container configuration: InlinePtr #cards 5 size 8 Array Of Cards #cards 12 size 40 Howl #buckets 4 coarsen threshold 1843 Howl Bitmap #cards 512 size 80 coarsen threshold 460 Card regions per heap region 1 cards per card region 2048
 CPUs: 8 total, 8 available
 Memory: 7915M
 Large Page Support: Disabled
 NUMA Support: Disabled
 Compressed Oops: Enabled (32-bit)
 Heap Region Size: 1M
 Heap Min Capacity: 8M
 Heap Initial Capacity: 124M
 Heap Max Capacity: 1980M
 Pre-touch: Disabled
 Parallel Workers: 8
 Concurrent Workers: 2
 Concurrent Refinement Workers: 8
 Periodic GC: Disabled

Heap:
 garbage-first heap   total 126976K, used 2048K [0x0000000084400000, 0x0000000100000000)
  region size 1024K, 3 young (3072K), 0 survivors (0K)
 Metaspace       used 7747K, committed 7936K, reserved 1114112K
  class space    used 646K, committed 768K, reserved 1048576K

Heap Regions: E=young(eden), S=young(survivor), O=old, HS=humongous(starts), HC=humongous(continues), CS=collection set, F=free, TAMS=top-at-mark-start, PB=parsable bottom
|   0|0x0000000084400000, 0x0000000084400000, 0x0000000084500000|  0%| F|  |TAMS 0x0000000084400000| PB 0x0000000084400000| Untracked 
|   1|0x0000000084500000, 0x0000000084500000, 0x0000000084600000|  0%| F|  |TAMS 0x0000000084500000| PB 0x0000000084500000| Untracked 
|   2|0x0000000084600000, 0x0000000084600000, 0x0000000084700000|  0%| F|  |TAMS 0x0000000084600000| PB 0x0000000084600000| Untracked 
|   3|0x0000000084700000, 0x0000000084700000, 0x0000000084800000|  0%| F|  |TAMS 0x0000000084700000| PB 0x0000000084700000| Untracked 
|   4|0x0000000084800000, 0x0000000084800000, 0x0000000084900000|  0%| F|  |TAMS 0x0000000084800000| PB 0x0000000084800000| Untracked 
|   5|0x0000000084900000, 0x0000000084900000, 0x0000000084a00000|  0%| F|  |TAMS 0x0000000084900000| PB 0x0000000084900000| Untracked 
|   6|0x0000000084a00000, 0x0000000084a00000, 0x0000000084b00000|  0%| F|  |TAMS 0x0000000084a00000| PB 0x0000000084a00000| Untracked 
|   7|0x0000000084b00000, 0x0000000084b00000, 0x0000000084c00000|  0%| F|  |TAMS 0x0000000084b00000| PB 0x0000000084b00000| Untracked 
|   8|0x0000000084c00000, 0x0000000084c00000, 0x0000000084d00000|  0%| F|  |TAMS 0x0000000084c00000| PB 0x0000000084c00000| Untracked 
|   9|0x0000000084d00000, 0x0000000084d00000, 0x0000000084e00000|  0%| F|  |TAMS 0x0000000084d00000| PB 0x0000000084d00000| Untracked 
|  10|0x0000000084e00000, 0x0000000084e00000, 0x0000000084f00000|  0%| F|  |TAMS 0x0000000084e00000| PB 0x0000000084e00000| Untracked 
|  11|0x0000000084f00000, 0x0000000084f00000, 0x0000000085000000|  0%| F|  |TAMS 0x0000000084f00000| PB 0x0000000084f00000| Untracked 
|  12|0x0000000085000000, 0x0000000085000000, 0x0000000085100000|  0%| F|  |TAMS 0x0000000085000000| PB 0x0000000085000000| Untracked 
|  13|0x0000000085100000, 0x0000000085100000, 0x0000000085200000|  0%| F|  |TAMS 0x0000000085100000| PB 0x0000000085100000| Untracked 
|  14|0x0000000085200000, 0x0000000085200000, 0x0000000085300000|  0%| F|  |TAMS 0x0000000085200000| PB 0x0000000085200000| Untracked 
|  15|0x0000000085300000, 0x0000000085300000, 0x0000000085400000|  0%| F|  |TAMS 0x0000000085300000| PB 0x0000000085300000| Untracked 
|  16|0x0000000085400000, 0x0000000085400000, 0x0000000085500000|  0%| F|  |TAMS 0x0000000085400000| PB 0x0000000085400000| Untracked 
|  17|0x0000000085500000, 0x0000000085500000, 0x0000000085600000|  0%| F|  |TAMS 0x0000000085500000| PB 0x0000000085500000| Untracked 
|  18|0x0000000085600000, 0x0000000085600000, 0x0000000085700000|  0%| F|  |TAMS 0x0000000085600000| PB 0x0000000085600000| Untracked 
|  19|0x0000000085700000, 0x0000000085700000, 0x0000000085800000|  0%| F|  |TAMS 0x0000000085700000| PB 0x0000000085700000| Untracked 
|  20|0x0000000085800000, 0x0000000085800000, 0x0000000085900000|  0%| F|  |TAMS 0x0000000085800000| PB 0x0000000085800000| Untracked 
|  21|0x0000000085900000, 0x0000000085900000, 0x0000000085a00000|  0%| F|  |TAMS 0x0000000085900000| PB 0x0000000085900000| Untracked 
|  22|0x0000000085a00000, 0x0000000085a00000, 0x0000000085b00000|  0%| F|  |TAMS 0x0000000085a00000| PB 0x0000000085a00000| Untracked 
|  23|0x0000000085b00000, 0x0000000085b00000, 0x0000000085c00000|  0%| F|  |TAMS 0x0000000085b00000| PB 0x0000000085b00000| Untracked 
|  24|0x0000000085c00000, 0x0000000085c00000, 0x0000000085d00000|  0%| F|  |TAMS 0x0000000085c00000| PB 0x0000000085c00000| Untracked 
|  25|0x0000000085d00000, 0x0000000085d00000, 0x0000000085e00000|  0%| F|  |TAMS 0x0000000085d00000| PB 0x0000000085d00000| Untracked 
|  26|0x0000000085e00000, 0x0000000085e00000, 0x0000000085f00000|  0%| F|  |TAMS 0x0000000085e00000| PB 0x0000000085e00000| Untracked 
|  27|0x0000000085f00000, 0x0000000085f00000, 0x0000000086000000|  0%| F|  |TAMS 0x0000000085f00000| PB 0x0000000085f00000| Untracked 
|  28|0x0000000086000000, 0x0000000086000000, 0x0000000086100000|  0%| F|  |TAMS 0x0000000086000000| PB 0x0000000086000000| Untracked 
|  29|0x0000000086100000, 0x0000000086100000, 0x0000000086200000|  0%| F|  |TAMS 0x0000000086100000| PB 0x0000000086100000| Untracked 
|  30|0x0000000086200000, 0x0000000086200000, 0x0000000086300000|  0%| F|  |TAMS 0x0000000086200000| PB 0x0000000086200000| Untracked 
|  31|0x0000000086300000, 0x0000000086300000, 0x0000000086400000|  0%| F|  |TAMS 0x0000000086300000| PB 0x0000000086300000| Untracked 
|  32|0x0000000086400000, 0x0000000086400000, 0x0000000086500000|  0%| F|  |TAMS 0x0000000086400000| PB 0x0000000086400000| Untracked 
|  33|0x0000000086500000, 0x0000000086500000, 0x0000000086600000|  0%| F|  |TAMS 0x0000000086500000| PB 0x0000000086500000| Untracked 
|  34|0x0000000086600000, 0x0000000086600000, 0x0000000086700000|  0%| F|  |TAMS 0x0000000086600000| PB 0x0000000086600000| Untracked 
|  35|0x0000000086700000, 0x0000000086700000, 0x0000000086800000|  0%| F|  |TAMS 0x0000000086700000| PB 0x0000000086700000| Untracked 
|  36|0x0000000086800000, 0x0000000086800000, 0x0000000086900000|  0%| F|  |TAMS 0x0000000086800000| PB 0x0000000086800000| Untracked 
|  37|0x0000000086900000, 0x0000000086900000, 0x0000000086a00000|  0%| F|  |TAMS 0x0000000086900000| PB 0x0000000086900000| Untracked 
|  38|0x0000000086a00000, 0x0000000086a00000, 0x0000000086b00000|  0%| F|  |TAMS 0x0000000086a00000| PB 0x0000000086a00000| Untracked 
|  39|0x0000000086b00000, 0x0000000086b00000, 0x0000000086c00000|  0%| F|  |TAMS 0x0000000086b00000| PB 0x0000000086b00000| Untracked 
|  40|0x0000000086c00000, 0x0000000086c00000, 0x0000000086d00000|  0%| F|  |TAMS 0x0000000086c00000| PB 0x0000000086c00000| Untracked 
|  41|0x0000000086d00000, 0x0000000086d00000, 0x0000000086e00000|  0%| F|  |TAMS 0x0000000086d00000| PB 0x0000000086d00000| Untracked 
|  42|0x0000000086e00000, 0x0000000086e00000, 0x0000000086f00000|  0%| F|  |TAMS 0x0000000086e00000| PB 0x0000000086e00000| Untracked 
|  43|0x0000000086f00000, 0x0000000086f00000, 0x0000000087000000|  0%| F|  |TAMS 0x0000000086f00000| PB 0x0000000086f00000| Untracked 
|  44|0x0000000087000000, 0x0000000087000000, 0x0000000087100000|  0%| F|  |TAMS 0x0000000087000000| PB 0x0000000087000000| Untracked 
|  45|0x0000000087100000, 0x0000000087100000, 0x0000000087200000|  0%| F|  |TAMS 0x0000000087100000| PB 0x0000000087100000| Untracked 
|  46|0x0000000087200000, 0x0000000087200000, 0x0000000087300000|  0%| F|  |TAMS 0x0000000087200000| PB 0x0000000087200000| Untracked 
|  47|0x0000000087300000, 0x0000000087300000, 0x0000000087400000|  0%| F|  |TAMS 0x0000000087300000| PB 0x0000000087300000| Untracked 
|  48|0x0000000087400000, 0x0000000087400000, 0x0000000087500000|  0%| F|  |TAMS 0x0000000087400000| PB 0x0000000087400000| Untracked 
|  49|0x0000000087500000, 0x0000000087500000, 0x0000000087600000|  0%| F|  |TAMS 0x0000000087500000| PB 0x0000000087500000| Untracked 
|  50|0x0000000087600000, 0x0000000087600000, 0x0000000087700000|  0%| F|  |TAMS 0x0000000087600000| PB 0x0000000087600000| Untracked 
|  51|0x0000000087700000, 0x0000000087700000, 0x0000000087800000|  0%| F|  |TAMS 0x0000000087700000| PB 0x0000000087700000| Untracked 
|  52|0x0000000087800000, 0x0000000087800000, 0x0000000087900000|  0%| F|  |TAMS 0x0000000087800000| PB 0x0000000087800000| Untracked 
|  53|0x0000000087900000, 0x0000000087900000, 0x0000000087a00000|  0%| F|  |TAMS 0x0000000087900000| PB 0x0000000087900000| Untracked 
|  54|0x0000000087a00000, 0x0000000087a00000, 0x0000000087b00000|  0%| F|  |TAMS 0x0000000087a00000| PB 0x0000000087a00000| Untracked 
|  55|0x0000000087b00000, 0x0000000087b00000, 0x0000000087c00000|  0%| F|  |TAMS 0x0000000087b00000| PB 0x0000000087b00000| Untracked 
|  56|0x0000000087c00000, 0x0000000087c00000, 0x0000000087d00000|  0%| F|  |TAMS 0x0000000087c00000| PB 0x0000000087c00000| Untracked 
|  57|0x0000000087d00000, 0x0000000087d00000, 0x0000000087e00000|  0%| F|  |TAMS 0x0000000087d00000| PB 0x0000000087d00000| Untracked 
|  58|0x0000000087e00000, 0x0000000087e00000, 0x0000000087f00000|  0%| F|  |TAMS 0x0000000087e00000| PB 0x0000000087e00000| Untracked 
|  59|0x0000000087f00000, 0x0000000087f00000, 0x0000000088000000|  0%| F|  |TAMS 0x0000000087f00000| PB 0x0000000087f00000| Untracked 
|  60|0x0000000088000000, 0x0000000088000000, 0x0000000088100000|  0%| F|  |TAMS 0x0000000088000000| PB 0x0000000088000000| Untracked 
|  61|0x0000000088100000, 0x0000000088100000, 0x0000000088200000|  0%| F|  |TAMS 0x0000000088100000| PB 0x0000000088100000| Untracked 
|  62|0x0000000088200000, 0x0000000088200000, 0x0000000088300000|  0%| F|  |TAMS 0x0000000088200000| PB 0x0000000088200000| Untracked 
|  63|0x0000000088300000, 0x0000000088300000, 0x0000000088400000|  0%| F|  |TAMS 0x0000000088300000| PB 0x0000000088300000| Untracked 
|  64|0x0000000088400000, 0x0000000088400000, 0x0000000088500000|  0%| F|  |TAMS 0x0000000088400000| PB 0x0000000088400000| Untracked 
|  65|0x0000000088500000, 0x0000000088500000, 0x0000000088600000|  0%| F|  |TAMS 0x0000000088500000| PB 0x0000000088500000| Untracked 
|  66|0x0000000088600000, 0x0000000088600000, 0x0000000088700000|  0%| F|  |TAMS 0x0000000088600000| PB 0x0000000088600000| Untracked 
|  67|0x0000000088700000, 0x0000000088700000, 0x0000000088800000|  0%| F|  |TAMS 0x0000000088700000| PB 0x0000000088700000| Untracked 
|  68|0x0000000088800000, 0x0000000088800000, 0x0000000088900000|  0%| F|  |TAMS 0x0000000088800000| PB 0x0000000088800000| Untracked 
|  69|0x0000000088900000, 0x0000000088900000, 0x0000000088a00000|  0%| F|  |TAMS 0x0000000088900000| PB 0x0000000088900000| Untracked 
|  70|0x0000000088a00000, 0x0000000088a00000, 0x0000000088b00000|  0%| F|  |TAMS 0x0000000088a00000| PB 0x0000000088a00000| Untracked 
|  71|0x0000000088b00000, 0x0000000088b00000, 0x0000000088c00000|  0%| F|  |TAMS 0x0000000088b00000| PB 0x0000000088b00000| Untracked 
|  72|0x0000000088c00000, 0x0000000088c00000, 0x0000000088d00000|  0%| F|  |TAMS 0x0000000088c00000| PB 0x0000000088c00000| Untracked 
|  73|0x0000000088d00000, 0x0000000088d00000, 0x0000000088e00000|  0%| F|  |TAMS 0x0000000088d00000| PB 0x0000000088d00000| Untracked 
|  74|0x0000000088e00000, 0x0000000088e00000, 0x0000000088f00000|  0%| F|  |TAMS 0x0000000088e00000| PB 0x0000000088e00000| Untracked 
|  75|0x0000000088f00000, 0x0000000088f00000, 0x0000000089000000|  0%| F|  |TAMS 0x0000000088f00000| PB 0x0000000088f00000| Untracked 
|  76|0x0000000089000000, 0x0000000089000000, 0x0000000089100000|  0%| F|  |TAMS 0x0000000089000000| PB 0x0000000089000000| Untracked 
|  77|0x0000000089100000, 0x0000000089100000, 0x0000000089200000|  0%| F|  |TAMS 0x0000000089100000| PB 0x0000000089100000| Untracked 
|  78|0x0000000089200000, 0x0000000089200000, 0x0000000089300000|  0%| F|  |TAMS 0x0000000089200000| PB 0x0000000089200000| Untracked 
|  79|0x0000000089300000, 0x0000000089300000, 0x0000000089400000|  0%| F|  |TAMS 0x0000000089300000| PB 0x0000000089300000| Untracked 
|  80|0x0000000089400000, 0x0000000089400000, 0x0000000089500000|  0%| F|  |TAMS 0x0000000089400000| PB 0x0000000089400000| Untracked 
|  81|0x0000000089500000, 0x0000000089500000, 0x0000000089600000|  0%| F|  |TAMS 0x0000000089500000| PB 0x0000000089500000| Untracked 
|  82|0x0000000089600000, 0x0000000089600000, 0x0000000089700000|  0%| F|  |TAMS 0x0000000089600000| PB 0x0000000089600000| Untracked 
|  83|0x0000000089700000, 0x0000000089700000, 0x0000000089800000|  0%| F|  |TAMS 0x0000000089700000| PB 0x0000000089700000| Untracked 
|  84|0x0000000089800000, 0x0000000089800000, 0x0000000089900000|  0%| F|  |TAMS 0x0000000089800000| PB 0x0000000089800000| Untracked 
|  85|0x0000000089900000, 0x0000000089900000, 0x0000000089a00000|  0%| F|  |TAMS 0x0000000089900000| PB 0x0000000089900000| Untracked 
|  86|0x0000000089a00000, 0x0000000089a00000, 0x0000000089b00000|  0%| F|  |TAMS 0x0000000089a00000| PB 0x0000000089a00000| Untracked 
|  87|0x0000000089b00000, 0x0000000089b00000, 0x0000000089c00000|  0%| F|  |TAMS 0x0000000089b00000| PB 0x0000000089b00000| Untracked 
|  88|0x0000000089c00000, 0x0000000089c00000, 0x0000000089d00000|  0%| F|  |TAMS 0x0000000089c00000| PB 0x0000000089c00000| Untracked 
|  89|0x0000000089d00000, 0x0000000089d00000, 0x0000000089e00000|  0%| F|  |TAMS 0x0000000089d00000| PB 0x0000000089d00000| Untracked 
|  90|0x0000000089e00000, 0x0000000089e00000, 0x0000000089f00000|  0%| F|  |TAMS 0x0000000089e00000| PB 0x0000000089e00000| Untracked 
|  91|0x0000000089f00000, 0x0000000089f00000, 0x000000008a000000|  0%| F|  |TAMS 0x0000000089f00000| PB 0x0000000089f00000| Untracked 
|  92|0x000000008a000000, 0x000000008a000000, 0x000000008a100000|  0%| F|  |TAMS 0x000000008a000000| PB 0x000000008a000000| Untracked 
|  93|0x000000008a100000, 0x000000008a100000, 0x000000008a200000|  0%| F|  |TAMS 0x000000008a100000| PB 0x000000008a100000| Untracked 
|  94|0x000000008a200000, 0x000000008a200000, 0x000000008a300000|  0%| F|  |TAMS 0x000000008a200000| PB 0x000000008a200000| Untracked 
|  95|0x000000008a300000, 0x000000008a300000, 0x000000008a400000|  0%| F|  |TAMS 0x000000008a300000| PB 0x000000008a300000| Untracked 
|  96|0x000000008a400000, 0x000000008a400000, 0x000000008a500000|  0%| F|  |TAMS 0x000000008a400000| PB 0x000000008a400000| Untracked 
|  97|0x000000008a500000, 0x000000008a500000, 0x000000008a600000|  0%| F|  |TAMS 0x000000008a500000| PB 0x000000008a500000| Untracked 
|  98|0x000000008a600000, 0x000000008a600000, 0x000000008a700000|  0%| F|  |TAMS 0x000000008a600000| PB 0x000000008a600000| Untracked 
|  99|0x000000008a700000, 0x000000008a700000, 0x000000008a800000|  0%| F|  |TAMS 0x000000008a700000| PB 0x000000008a700000| Untracked 
| 100|0x000000008a800000, 0x000000008a800000, 0x000000008a900000|  0%| F|  |TAMS 0x000000008a800000| PB 0x000000008a800000| Untracked 
| 101|0x000000008a900000, 0x000000008a900000, 0x000000008aa00000|  0%| F|  |TAMS 0x000000008a900000| PB 0x000000008a900000| Untracked 
| 102|0x000000008aa00000, 0x000000008aa00000, 0x000000008ab00000|  0%| F|  |TAMS 0x000000008aa00000| PB 0x000000008aa00000| Untracked 
| 103|0x000000008ab00000, 0x000000008ab00000, 0x000000008ac00000|  0%| F|  |TAMS 0x000000008ab00000| PB 0x000000008ab00000| Untracked 
| 104|0x000000008ac00000, 0x000000008ac00000, 0x000000008ad00000|  0%| F|  |TAMS 0x000000008ac00000| PB 0x000000008ac00000| Untracked 
| 105|0x000000008ad00000, 0x000000008ad00000, 0x000000008ae00000|  0%| F|  |TAMS 0x000000008ad00000| PB 0x000000008ad00000| Untracked 
| 106|0x000000008ae00000, 0x000000008ae00000, 0x000000008af00000|  0%| F|  |TAMS 0x000000008ae00000| PB 0x000000008ae00000| Untracked 
| 107|0x000000008af00000, 0x000000008af00000, 0x000000008b000000|  0%| F|  |TAMS 0x000000008af00000| PB 0x000000008af00000| Untracked 
| 108|0x000000008b000000, 0x000000008b000000, 0x000000008b100000|  0%| F|  |TAMS 0x000000008b000000| PB 0x000000008b000000| Untracked 
| 109|0x000000008b100000, 0x000000008b100000, 0x000000008b200000|  0%| F|  |TAMS 0x000000008b100000| PB 0x000000008b100000| Untracked 
| 110|0x000000008b200000, 0x000000008b200000, 0x000000008b300000|  0%| F|  |TAMS 0x000000008b200000| PB 0x000000008b200000| Untracked 
| 111|0x000000008b300000, 0x000000008b300000, 0x000000008b400000|  0%| F|  |TAMS 0x000000008b300000| PB 0x000000008b300000| Untracked 
| 112|0x000000008b400000, 0x000000008b400000, 0x000000008b500000|  0%| F|  |TAMS 0x000000008b400000| PB 0x000000008b400000| Untracked 
| 113|0x000000008b500000, 0x000000008b500000, 0x000000008b600000|  0%| F|  |TAMS 0x000000008b500000| PB 0x000000008b500000| Untracked 
| 114|0x000000008b600000, 0x000000008b600000, 0x000000008b700000|  0%| F|  |TAMS 0x000000008b600000| PB 0x000000008b600000| Untracked 
| 115|0x000000008b700000, 0x000000008b700000, 0x000000008b800000|  0%| F|  |TAMS 0x000000008b700000| PB 0x000000008b700000| Untracked 
| 116|0x000000008b800000, 0x000000008b800000, 0x000000008b900000|  0%| F|  |TAMS 0x000000008b800000| PB 0x000000008b800000| Untracked 
| 117|0x000000008b900000, 0x000000008b900000, 0x000000008ba00000|  0%| F|  |TAMS 0x000000008b900000| PB 0x000000008b900000| Untracked 
| 118|0x000000008ba00000, 0x000000008ba00000, 0x000000008bb00000|  0%| F|  |TAMS 0x000000008ba00000| PB 0x000000008ba00000| Untracked 
| 119|0x000000008bb00000, 0x000000008bb00000, 0x000000008bc00000|  0%| F|  |TAMS 0x000000008bb00000| PB 0x000000008bb00000| Untracked 
| 120|0x000000008bc00000, 0x000000008bc00000, 0x000000008bd00000|  0%| F|  |TAMS 0x000000008bc00000| PB 0x000000008bc00000| Untracked 
| 121|0x000000008bd00000, 0x000000008bdec088, 0x000000008be00000| 92%| E|  |TAMS 0x000000008bd00000| PB 0x000000008bd00000| Complete 
| 122|0x000000008be00000, 0x000000008bf00000, 0x000000008bf00000|100%| E|CS|TAMS 0x000000008be00000| PB 0x000000008be00000| Complete 
| 123|0x000000008bf00000, 0x000000008c000000, 0x000000008c000000|100%| E|CS|TAMS 0x000000008bf00000| PB 0x000000008bf00000| Complete 

Card table byte_map: [0x000001e5a2150000,0x000001e5a2530000] _byte_map_base: 0x000001e5a1d2e000

Marking Bits: (CMBitMap*) 0x000001e58a639190
 Bits: [0x000001e5a2530000, 0x000001e5a4420000)

Polling page: 0x000001e588570000

Metaspace:

Usage:
  Non-class:      6.93 MB used.
      Class:    646.27 KB used.
       Both:      7.57 MB used.

Virtual space:
  Non-class space:       64.00 MB reserved,       7.00 MB ( 11%) committed,  1 nodes.
      Class space:        1.00 GB reserved,     768.00 KB ( <1%) committed,  1 nodes.
             Both:        1.06 GB reserved,       7.75 MB ( <1%) committed. 

Chunk freelists:
   Non-Class:  9.00 MB
       Class:  15.25 MB
        Both:  24.24 MB

MaxMetaspaceSize: unlimited
CompressedClassSpaceSize: 1.00 GB
Initial GC threshold: 21.00 MB
Current GC threshold: 21.00 MB
CDS: off
 - commit_granule_bytes: 65536.
 - commit_granule_words: 8192.
 - virtual_space_node_default_size: 8388608.
 - enlarge_chunks_in_place: 1.
 - use_allocation_guard: 0.


Internal statistics:

num_allocs_failed_limit: 0.
num_arena_births: 14.
num_arena_deaths: 0.
num_vsnodes_births: 2.
num_vsnodes_deaths: 0.
num_space_committed: 124.
num_space_uncommitted: 0.
num_chunks_returned_to_freelist: 0.
num_chunks_taken_from_freelist: 33.
num_chunk_merges: 0.
num_chunk_splits: 14.
num_chunks_enlarged: 5.
num_inconsistent_stats: 0.

CodeHeap 'non-profiled nmethods': size=120000Kb used=71Kb max_used=71Kb free=119928Kb
 bounds [0x000001e59a510000, 0x000001e59a780000, 0x000001e5a1a40000]
CodeHeap 'profiled nmethods': size=120000Kb used=287Kb max_used=287Kb free=119712Kb
 bounds [0x000001e592a40000, 0x000001e592cb0000, 0x000001e599f70000]
CodeHeap 'non-nmethods': size=5760Kb used=1404Kb max_used=1418Kb free=4355Kb
 bounds [0x000001e599f70000, 0x000001e59a1e0000, 0x000001e59a510000]
 total_blobs=636 nmethods=226 adapters=315
 compilation: enabled
              stopped_count=0, restarted_count=0
 full_count=0

Compilation events (20 events):
Event: 0.622 Thread 0x000001e5ab053650  217       3       java.lang.ref.WeakReference::<init> (7 bytes)
Event: 0.623 Thread 0x000001e5ab053650 nmethod 217 0x000001e592a84c90 code [0x000001e592a84e40, 0x000001e592a85120]
Event: 0.628 Thread 0x000001e5ab053650  218       3       java.util.Optional::orElse (16 bytes)
Event: 0.628 Thread 0x000001e5ab053650 nmethod 218 0x000001e592a85210 code [0x000001e592a853c0, 0x000001e592a85548]
Event: 0.630 Thread 0x000001e5ab053650  219       3       java.lang.Enum::<init> (15 bytes)
Event: 0.630 Thread 0x000001e5ab053650 nmethod 219 0x000001e592a85610 code [0x000001e592a857c0, 0x000001e592a85980]
Event: 0.632 Thread 0x000001e5ab053650  220       3       java.lang.String::charAt (25 bytes)
Event: 0.633 Thread 0x000001e5ab053650 nmethod 220 0x000001e592a85a10 code [0x000001e592a85c00, 0x000001e592a86158]
Event: 0.633 Thread 0x000001e5ab08f410  221       4       java.lang.String::equals (56 bytes)
Event: 0.633 Thread 0x000001e5ab053650  222       3       sun.util.locale.LocaleUtils::isUpper (18 bytes)
Event: 0.633 Thread 0x000001e5ab053650 nmethod 222 0x000001e592a86390 code [0x000001e592a86520, 0x000001e592a866a0]
Event: 0.634 Thread 0x000001e5ab053650  223       1       sun.util.locale.BaseLocale::getLanguage (5 bytes)
Event: 0.634 Thread 0x000001e5ab053650 nmethod 223 0x000001e59a521490 code [0x000001e59a521620, 0x000001e59a5216e8]
Event: 0.635 Thread 0x000001e5ab08f410 nmethod 221 0x000001e59a521790 code [0x000001e59a521920, 0x000001e59a521b08]
Event: 0.635 Thread 0x000001e5ab053650  224       1       java.lang.Class::getModule (5 bytes)
Event: 0.635 Thread 0x000001e5ab053650 nmethod 224 0x000001e59a521c10 code [0x000001e59a521da0, 0x000001e59a521e68]
Event: 0.635 Thread 0x000001e5ab053650  225       3       java.lang.invoke.MethodType$ConcurrentWeakInternSet$WeakEntry::<init> (15 bytes)
Event: 0.635 Thread 0x000001e5ab053650 nmethod 225 0x000001e592a86710 code [0x000001e592a868e0, 0x000001e592a86ce8]
Event: 0.635 Thread 0x000001e5ab053650  226       3       java.lang.invoke.MethodType::equals (56 bytes)
Event: 0.636 Thread 0x000001e5ab053650 nmethod 226 0x000001e592a86e10 code [0x000001e592a87040, 0x000001e592a87b30]

GC Heap History (0 events):
No events

Dll operation events (4 events):
Event: 0.011 Loaded shared library C:\Program Files\Java\jdk-21\bin\java.dll
Event: 0.155 Loaded shared library C:\Program Files\Java\jdk-21\bin\jsvml.dll
Event: 0.391 Loaded shared library C:\Program Files\Java\jdk-21\bin\net.dll
Event: 0.405 Loaded shared library C:\Program Files\Java\jdk-21\bin\nio.dll

Deoptimization events (4 events):
Event: 0.609 Thread 0x000001e588475ec0 Uncommon trap: trap_request=0xffffff45 fr.pc=0x000001e59a518c60 relative=0x00000000000000c0
Event: 0.609 Thread 0x000001e588475ec0 Uncommon trap: reason=unstable_if action=reinterpret pc=0x000001e59a518c60 method=java.lang.String.isLatin1()Z @ 10 c2
Event: 0.610 Thread 0x000001e588475ec0 DEOPT PACKING pc=0x000001e59a518c60 sp=0x0000009524afef20
Event: 0.610 Thread 0x000001e588475ec0 DEOPT UNPACKING pc=0x000001e599fc7da2 sp=0x0000009524afee60 mode 2

Classes loaded (20 events):
Event: 0.631 Loading class sun/util/cldr/CLDRBaseLocaleDataMetaInfo done
Event: 0.631 Loading class sun/util/locale/LanguageTag
Event: 0.632 Loading class sun/util/locale/LanguageTag done
Event: 0.632 Loading class sun/util/locale/ParseStatus
Event: 0.632 Loading class sun/util/locale/ParseStatus done
Event: 0.632 Loading class sun/util/locale/StringTokenIterator
Event: 0.632 Loading class sun/util/locale/StringTokenIterator done
Event: 0.633 Loading class sun/util/locale/InternalLocaleBuilder
Event: 0.633 Loading class sun/util/locale/InternalLocaleBuilder done
Event: 0.633 Loading class sun/util/locale/InternalLocaleBuilder$CaseInsensitiveChar
Event: 0.633 Loading class sun/util/locale/InternalLocaleBuilder$CaseInsensitiveChar done
Event: 0.635 Loading class java/security/PrivilegedExceptionAction
Event: 0.635 Loading class java/security/PrivilegedExceptionAction done
Event: 0.635 Loading class java/util/ServiceLoader
Event: 0.636 Loading class java/util/ServiceLoader done
Event: 0.636 Loading class java/util/ServiceLoader$ModuleServicesLookupIterator
Event: 0.636 Loading class java/util/ServiceLoader$ModuleServicesLookupIterator done
Event: 0.637 Loading class java/util/concurrent/CopyOnWriteArrayList$COWIterator
Event: 0.637 Loading class java/util/concurrent/CopyOnWriteArrayList$COWIterator done
Event: 0.637 Loading class java/util/ServiceLoader$LazyClassPathLookupIterator

Classes unloaded (0 events):
No events

Classes redefined (0 events):
No events

Internal exceptions (2 events):
Event: 0.437 Thread 0x000001e588475ec0 Exception <a 'java/lang/NoSuchMethodError'{0x000000008be3ae90}: 'void java.lang.invoke.DirectMethodHandle$Holder.invokeVirtual(java.lang.Object, java.lang.Object)'> (0x000000008be3ae90) 
thrown [s\open\src\hotspot\share\interpreter\linkResolver.cpp, line 773]
Event: 0.465 Thread 0x000001e588475ec0 Exception <a 'java/lang/NoSuchMethodError'{0x000000008be45e60}: 'java.lang.Object java.lang.invoke.DirectMethodHandle$Holder.invokeInterface(java.lang.Object, java.lang.Object, java.lang.Object)'> (0x000000008be45e60) 
thrown [s\open\src\hotspot\share\interpreter\linkResolver.cpp, line 773]

ZGC Phase Switch (0 events):
No events

VM Operations (2 events):
Event: 0.543 Executing VM operation: HandshakeAllThreads (Deoptimize)
Event: 0.543 Executing VM operation: HandshakeAllThreads (Deoptimize) done

Events (11 events):
Event: 0.021 Thread 0x000001e588475ec0 Thread added: 0x000001e588475ec0
Event: 0.149 Thread 0x000001e5ab06cc30 Thread added: 0x000001e5ab06cc30
Event: 0.149 Thread 0x000001e5ab050780 Thread added: 0x000001e5ab050780
Event: 0.152 Thread 0x000001e5ab05b360 Thread added: 0x000001e5ab05b360
Event: 0.152 Thread 0x000001e5ab05bdc0 Thread added: 0x000001e5ab05bdc0
Event: 0.152 Thread 0x000001e5ab051e00 Thread added: 0x000001e5ab051e00
Event: 0.152 Thread 0x000001e5ab052990 Thread added: 0x000001e5ab052990
Event: 0.152 Thread 0x000001e5ab08f410 Thread added: 0x000001e5ab08f410
Event: 0.152 Thread 0x000001e5ab053650 Thread added: 0x000001e5ab053650
Event: 0.340 Thread 0x000001e5ab23a8d0 Thread added: 0x000001e5ab23a8d0
Event: 0.605 Thread 0x000001e5ab3c8750 Thread added: 0x000001e5ab3c8750


Dynamic libraries:
0x00007ff73d310000 - 0x00007ff73d320000 	C:\Program Files\Java\jdk-21\bin\javaw.exe
0x00007ff8f3ad0000 - 0x00007ff8f3ce6000 	C:\WINDOWS\SYSTEM32\ntdll.dll
0x00007ff8f2610000 - 0x00007ff8f26d4000 	C:\WINDOWS\System32\KERNEL32.DLL
0x00007ff8f12e0000 - 0x00007ff8f1687000 	C:\WINDOWS\System32\KERNELBASE.dll
0x00007ff8f0fb0000 - 0x00007ff8f10c1000 	C:\WINDOWS\System32\ucrtbase.dll
0x00007ff8e3f60000 - 0x00007ff8e3f79000 	C:\Program Files\Java\jdk-21\bin\jli.dll
0x00007ff8f2a20000 - 0x00007ff8f2ad2000 	C:\WINDOWS\System32\ADVAPI32.dll
0x00007ff8f1aa0000 - 0x00007ff8f1b47000 	C:\WINDOWS\System32\msvcrt.dll
0x00007ff8f2ce0000 - 0x00007ff8f2d88000 	C:\WINDOWS\System32\sechost.dll
0x00007ff8cce20000 - 0x00007ff8cce3b000 	C:\Program Files\Java\jdk-21\bin\VCRUNTIME140.dll
0x00007ff8f17d0000 - 0x00007ff8f17f8000 	C:\WINDOWS\System32\bcrypt.dll
0x00007ff8f1950000 - 0x00007ff8f1a65000 	C:\WINDOWS\System32\RPCRT4.dll
0x00007ff8f2df0000 - 0x00007ff8f2f9e000 	C:\WINDOWS\System32\USER32.dll
0x00007ff8f1140000 - 0x00007ff8f1166000 	C:\WINDOWS\System32\win32u.dll
0x00007ff8e1fa0000 - 0x00007ff8e2233000 	C:\WINDOWS\WinSxS\amd64_microsoft.windows.common-controls_6595b64144ccf1df_6.0.22621.3235_none_270f74e173860f98\COMCTL32.dll
0x00007ff8f3a60000 - 0x00007ff8f3a89000 	C:\WINDOWS\System32\GDI32.dll
0x00007ff8f0e90000 - 0x00007ff8f0fa9000 	C:\WINDOWS\System32\gdi32full.dll
0x00007ff8f0df0000 - 0x00007ff8f0e8a000 	C:\WINDOWS\System32\msvcp_win.dll
0x00007ff8e4150000 - 0x00007ff8e415a000 	C:\WINDOWS\SYSTEM32\VERSION.dll
0x00007ff8f33c0000 - 0x00007ff8f33f1000 	C:\WINDOWS\System32\IMM32.DLL
0x00007ff8edaa0000 - 0x00007ff8edaac000 	C:\Program Files\Java\jdk-21\bin\vcruntime140_1.dll
0x00007ff8a6b60000 - 0x00007ff8a6bee000 	C:\Program Files\Java\jdk-21\bin\msvcp140.dll
0x00007ff82baa0000 - 0x00007ff82c7b5000 	C:\Program Files\Java\jdk-21\bin\server\jvm.dll
0x00007ff8f1b50000 - 0x00007ff8f1bc1000 	C:\WINDOWS\System32\WS2_32.dll
0x00007ff8f0670000 - 0x00007ff8f06bd000 	C:\WINDOWS\SYSTEM32\POWRPROF.dll
0x00007ff8e6fb0000 - 0x00007ff8e6fe4000 	C:\WINDOWS\SYSTEM32\WINMM.dll
0x00007ff8f0650000 - 0x00007ff8f0663000 	C:\WINDOWS\SYSTEM32\UMPDC.dll
0x00007ff8efd90000 - 0x00007ff8efda8000 	C:\WINDOWS\SYSTEM32\kernel.appcore.dll
0x00007ff8e3f50000 - 0x00007ff8e3f5a000 	C:\Program Files\Java\jdk-21\bin\jimage.dll
0x00007ff8ee6c0000 - 0x00007ff8ee8f3000 	C:\WINDOWS\SYSTEM32\DBGHELP.DLL
0x00007ff8f3030000 - 0x00007ff8f33b8000 	C:\WINDOWS\System32\combase.dll
0x00007ff8f3980000 - 0x00007ff8f3a57000 	C:\WINDOWS\System32\OLEAUT32.dll
0x00007ff8e0930000 - 0x00007ff8e0962000 	C:\WINDOWS\SYSTEM32\dbgcore.DLL
0x00007ff8f1690000 - 0x00007ff8f1709000 	C:\WINDOWS\System32\bcryptPrimitives.dll
0x00007ff8c8710000 - 0x00007ff8c872f000 	C:\Program Files\Java\jdk-21\bin\java.dll
0x00007ff8f1db0000 - 0x00007ff8f260c000 	C:\WINDOWS\System32\SHELL32.dll
0x00007ff8eed00000 - 0x00007ff8ef5f9000 	C:\WINDOWS\SYSTEM32\windows.storage.dll
0x00007ff8eebc0000 - 0x00007ff8eecfe000 	C:\WINDOWS\SYSTEM32\wintypes.dll
0x00007ff8f1bd0000 - 0x00007ff8f1cc3000 	C:\WINDOWS\System32\SHCORE.dll
0x00007ff8f1cd0000 - 0x00007ff8f1d2e000 	C:\WINDOWS\System32\shlwapi.dll
0x00007ff8f0d20000 - 0x00007ff8f0d41000 	C:\WINDOWS\SYSTEM32\profapi.dll
0x00007ff8a4640000 - 0x00007ff8a4717000 	C:\Program Files\Java\jdk-21\bin\jsvml.dll
0x00007ff8d5520000 - 0x00007ff8d5530000 	C:\Program Files\Java\jdk-21\bin\net.dll
0x00007ff8e9050000 - 0x00007ff8e9186000 	C:\WINDOWS\SYSTEM32\WINHTTP.dll
0x00007ff8f0260000 - 0x00007ff8f02c9000 	C:\WINDOWS\system32\mswsock.dll
0x00007ff8c86d0000 - 0x00007ff8c86e6000 	C:\Program Files\Java\jdk-21\bin\nio.dll

dbghelp: loaded successfully - version: 4.0.5 - missing functions: none
symbol engine: initialized successfully - sym options: 0x614 - pdb path: .;C:\Program Files\Java\jdk-21\bin;C:\WINDOWS\SYSTEM32;C:\WINDOWS\WinSxS\amd64_microsoft.windows.common-controls_6595b64144ccf1df_6.0.22621.3235_none_270f74e173860f98;C:\Program Files\Java\jdk-21\bin\server

VM Arguments:
jvm_args: -Dfile.encoding=UTF-8 -Dstdout.encoding=UTF-8 -Dstderr.encoding=UTF-8 --module-path=C:\Users\bruno\eclipse-workspace\truco\bin -XX:+ShowCodeDetailsInExceptionMessages -Djdk.module.main=truco 
java_command: truco/truco.main
java_class_path (initial): <not set>
Launcher Type: SUN_STANDARD

[Global flags]
     intx CICompilerCount                          = 4                                         {product} {ergonomic}
     uint ConcGCThreads                            = 2                                         {product} {ergonomic}
     uint G1ConcRefinementThreads                  = 8                                         {product} {ergonomic}
   size_t G1HeapRegionSize                         = 1048576                                   {product} {ergonomic}
    uintx GCDrainStackTargetSize                   = 64                                        {product} {ergonomic}
   size_t InitialHeapSize                          = 130023424                                 {product} {ergonomic}
   size_t MarkStackSize                            = 4194304                                   {product} {ergonomic}
   size_t MaxHeapSize                              = 2076180480                                {product} {ergonomic}
   size_t MaxNewSize                               = 1245708288                                {product} {ergonomic}
   size_t MinHeapDeltaBytes                        = 1048576                                   {product} {ergonomic}
   size_t MinHeapSize                              = 8388608                                   {product} {ergonomic}
    uintx NonNMethodCodeHeapSize                   = 5839372                                {pd product} {ergonomic}
    uintx NonProfiledCodeHeapSize                  = 122909434                              {pd product} {ergonomic}
    uintx ProfiledCodeHeapSize                     = 122909434                              {pd product} {ergonomic}
    uintx ReservedCodeCacheSize                    = 251658240                              {pd product} {ergonomic}
     bool SegmentedCodeCache                       = true                                      {product} {ergonomic}
     bool ShowCodeDetailsInExceptionMessages       = true                                   {manageable} {command line}
   size_t SoftMaxHeapSize                          = 2076180480                             {manageable} {ergonomic}
     bool UseCompressedOops                        = true                           {product lp64_product} {ergonomic}
     bool UseG1GC                                  = true                                      {product} {ergonomic}
     bool UseLargePagesIndividualAllocation        = false                                  {pd product} {ergonomic}

Logging:
Log output configuration:
 #0: stdout all=warning uptime,level,tags foldmultilines=false
 #1: stderr all=off uptime,level,tags foldmultilines=false

Environment Variables:
PATH=C:\Program Files\Common Files\Oracle\Java\javapath;C:\Program Files (x86)\Common Files\Oracle\Java\javapath;C:\WINDOWS\system32;C:\WINDOWS;C:\WINDOWS\System32\Wbem;C:\WINDOWS\System32\WindowsPowerShell\v1.0\;C:\WINDOWS\System32\OpenSSH\;C:\Program Files\nodejs\;C:\Program Files\dotnet\;C:\Program Files\Git\cmd;C:\Program Files\Java\jdk-21\bin;C:\Users\bruno\.cargo\bin;C:\Users\bruno\.cargo\bin;C:\Users\bruno\AppData\Local\Microsoft\WindowsApps;C:\Users\bruno\AppData\Roaming\npm;C:\Users\bruno\AppData\Local\Programs\Microsoft VS Code\bin;C:\Users\bruno\.dotnet\tools;C:\MinGW\bin;C:\Exercism;C:\Users\bruno\AppData\Local\Programs\Python\Python311;C:\Users\bruno\AppData\Local\Programs\Python\Python311\Scripts;C:\Users\bruno\AppData\Local\bin\NASM;C:\Users\bruno\.cargo\bin;
USERNAME=bruno
OS=Windows_NT
PROCESSOR_IDENTIFIER=Intel64 Family 6 Model 140 Stepping 1, GenuineIntel
TMP=C:\Users\bruno\AppData\Local\Temp
TEMP=C:\Users\bruno\AppData\Local\Temp




Periodic native trim disabled

---------------  S Y S T E M  ---------------

OS:
 Windows 11 , 64 bit Build 22621 (10.0.22621.3374)
OS uptime: 12 days 12:19 hours
Hyper-V role detected

CPU: total 8 (initial active 8) (4 cores per cpu, 2 threads per core) family 6 model 140 stepping 1 microcode 0x8a, cx8, cmov, fxsr, ht, mmx, 3dnowpref, sse, sse2, sse3, ssse3, sse4.1, sse4.2, popcnt, lzcnt, tsc, tscinvbit, avx, avx2, aes, erms, clmul, bmi1, bmi2, adx, avx512f, avx512dq, avx512cd, avx512bw, avx512vl, sha, fma, vzeroupper, avx512_vpopcntdq, avx512_vpclmulqdq, avx512_vaes, avx512_vnni, clflush, clflushopt, clwb, avx512_vbmi2, avx512_vbmi, hv, rdtscp, rdpid, fsrm, gfni, avx512_bitalg, f16c, cet_ibt, cet_ss, avx512_ifma
Processor Information for all 8 processors :
  Max Mhz: 2419, Current Mhz: 2419, Mhz Limit: 2419

Memory: 4k page, system-wide physical 7915M (311M free)
TotalPageFile size 32491M (AvailPageFile size 0M)
current process WorkingSet (physical memory assigned to process): 35M, peak: 35M
current process commit charge ("private bytes"): 202M, peak: 202M

vm_info: Java HotSpot(TM) 64-Bit Server VM (21.0.1+12-LTS-29) for windows-amd64 JRE (21.0.1+12-LTS-29), built on 2023-10-05T13:27:09Z by "mach5one" with MS VC++ 17.1 (VS2022)

END.
